<?xml version="1.0" encoding="UTF-8"?>
<!-- Generated by org.testng.reporters.JUnitReportReporter -->
<testsuite hostname="ITG" failures="0" tests="3" name="com.junitproject.qa.testcases.TestngTestCases" time="1.553" errors="0" timestamp="2022-10-27T09:53:25 EDT" skipped="0">
  <testcase classname="com.junitproject.qa.testcases.TestngTestCases" name="validateUserCanAddCategory" time="0.539"/>
  <system-out/>
  <testcase classname="com.junitproject.qa.testcases.TestngTestCases" name="validateMonthDropDownHasAllMonths" time="0.195"/>
  <system-out/>
  <testcase classname="com.junitproject.qa.testcases.TestngTestCases" name="validateUserCannotDuplicateCategory" time="0.819"/>
  <system-out/>
</testsuite> <!-- com.junitproject.qa.testcases.TestngTestCases -->
