<?xml version="1.0" encoding="UTF-8"?>
<!-- Generated by org.testng.reporters.JUnitReportReporter -->
<testsuite hostname="ITG" failures="0" tests="3" name="com.junitproject.qa.testcases.TestngTestCases" time="2.950" errors="0" timestamp="2022-10-27T05:11:23 EDT" skipped="0">
  <testcase classname="com.junitproject.qa.testcases.TestngTestCases" name="validateUserCanAddCategory" time="0.886"/>
  <system-out/>
  <testcase classname="com.junitproject.qa.testcases.TestngTestCases" name="validateMonthDropDownHasAllMonths" time="0.228"/>
  <system-out/>
  <testcase classname="com.junitproject.qa.testcases.TestngTestCases" name="validateUserCannotDuplicateCategory" time="1.836"/>
  <system-out/>
</testsuite> <!-- com.junitproject.qa.testcases.TestngTestCases -->
